<?xml version="1.0" encoding="UTF-8"?>
<!-- Generated by org.testng.reporters.JUnitXMLReporter -->
<testsuite hostname="Hp" ignored="0" name="Surefire test" tests="6" failures="0" timestamp="06 Apr 2021 17:12:16 GMT" time="0.077" errors="0">
  <testcase name="IOSApps" time="0.017" classname="Qaclickacademy.AppiamTest"/>
  <testcase name="nativeappandroid" time="0.001" classname="Qaclickacademy.AppiamTest"/>
  <testcase name="PostJiraDefectpost" time="0.0" classname="Qaclickacademy.JiraTest"/>
  <testcase name="deleteTwitterdelete" time="0.0" classname="Qaclickacademy.JiraTest"/>
  <testcase name="browserautomation" time="0.001" classname="Qaclickacademy.SeleniumTest"/>
  <testcase name="elementsUI" time="0.001" classname="Qaclickacademy.SeleniumTest"/>
</testsuite> <!-- Surefire test -->
